{"/Users/orie/TransmuteIndustries/typescript-truffle-lib/src/MetaCoinAPI/MetaCoinAPI.ts": {"path":"/Users/orie/TransmuteIndustries/typescript-truffle-lib/src/MetaCoinAPI/MetaCoinAPI.ts","statementMap":{"0":{"start":{"line":3,"column":6},"end":{"line":3,"column":26}},"1":{"start":{"line":4,"column":6},"end":{"line":4,"column":24}},"2":{"start":{"line":6,"column":6},"end":{"line":6,"column":13}},"3":{"start":{"line":7,"column":6},"end":{"line":7,"column":13}},"4":{"start":{"line":8,"column":6},"end":{"line":8,"column":16}},"5":{"start":{"line":10,"column":6},"end":{"line":10,"column":12}},"6":{"start":{"line":12,"column":6},"end":{"line":12,"column":25}},"7":{"start":{"line":13,"column":6},"end":{"line":13,"column":22}},"8":{"start":{"line":14,"column":6},"end":{"line":14,"column":12}},"9":{"start":{"line":15,"column":6},"end":{"line":15,"column":16}},"10":{"start":{"line":16,"column":6},"end":{"line":16,"column":21}},"11":{"start":{"line":17,"column":6},"end":{"line":17,"column":24}},"12":{"start":{"line":19,"column":0},"end":{"line":null,"column":-1}},"13":{"start":{"line":24,"column":11},"end":{"line":24,"column":10}},"14":{"start":{"line":25,"column":11},"end":{"line":25,"column":10}},"15":{"start":{"line":23,"column":2},"end":{"line":37,"column":2}},"16":{"start":{"line":24,"column":11},"end":{"line":null,"column":-1}},"17":{"start":{"line":25,"column":11},"end":{"line":null,"column":-1}},"18":{"start":{"line":39,"column":9},"end":{"line":48,"column":3}},"19":{"start":{"line":40,"column":4},"end":{"line":40,"column":11}},"20":{"start":{"line":41,"column":6},"end":{"line":46,"column":8}},"21":{"start":{"line":42,"column":10},"end":{"line":44,"column":11}},"22":{"start":{"line":43,"column":12},"end":{"line":43,"column":26}},"23":{"start":{"line":45,"column":10},"end":{"line":45,"column":25}},"24":{"start":{"line":50,"column":9},"end":{"line":55,"column":3}},"25":{"start":{"line":51,"column":4},"end":{"line":51,"column":12}},"26":{"start":{"line":53,"column":6},"end":{"line":53,"column":18}},"27":{"start":{"line":27,"column":4},"end":{"line":27,"column":22}},"28":{"start":{"line":28,"column":4},"end":{"line":28,"column":80}},"29":{"start":{"line":29,"column":4},"end":{"line":31,"column":8}},"30":{"start":{"line":33,"column":4},"end":{"line":33,"column":16}},"31":{"start":{"line":34,"column":4},"end":{"line":34,"column":30}},"32":{"start":{"line":35,"column":4},"end":{"line":35,"column":34}},"33":{"start":{"line":36,"column":4},"end":{"line":36,"column":40}},"34":{"start":{"line":57,"column":0},"end":{"line":null,"column":-1}}},"fnMap":{"0":{"name":"(anonymous_0)","decl":{"start":{"line":19,"column":0},"end":{"line":null,"column":-1}},"loc":{"start":{"line":19,"column":0},"end":{"line":null,"column":-1}}},"1":{"name":"MetaCoinAPI","decl":{"start":{"line":23,"column":2},"end":{"line":24,"column":10}},"loc":{"start":{"line":25,"column":11},"end":{"line":37,"column":3}}},"2":{"name":"(anonymous_2)","decl":{"start":{"line":39,"column":23},"end":{"line":null,"column":-1}},"loc":{"start":{"line":39,"column":23},"end":{"line":48,"column":3}}},"3":{"name":"(anonymous_3)","decl":{"start":{"line":40,"column":23},"end":{"line":40,"column":23}},"loc":{"start":{"line":40,"column":33},"end":{"line":40,"column":11}}},"4":{"name":"(anonymous_4)","decl":{"start":{"line":41,"column":32},"end":{"line":41,"column":32}},"loc":{"start":{"line":41,"column":45},"end":{"line":46,"column":8}}},"5":{"name":"(anonymous_5)","decl":{"start":{"line":50,"column":22},"end":{"line":50,"column":22}},"loc":{"start":{"line":50,"column":38},"end":{"line":55,"column":3}}},"6":{"name":"(anonymous_6)","decl":{"start":{"line":52,"column":10},"end":{"line":52,"column":10}},"loc":{"start":{"line":52,"column":11},"end":{"line":51,"column":12}}}},"branchMap":{"0":{"loc":{"start":{"line":24,"column":11},"end":{"line":24,"column":10}},"type":"if","locations":[{"start":{"line":24,"column":11},"end":{"line":24,"column":10}},{"start":{"line":24,"column":11},"end":{"line":24,"column":10}}]},"1":{"loc":{"start":{"line":25,"column":11},"end":{"line":25,"column":10}},"type":"if","locations":[{"start":{"line":25,"column":11},"end":{"line":25,"column":10}},{"start":{"line":25,"column":11},"end":{"line":25,"column":10}}]},"2":{"loc":{"start":{"line":42,"column":10},"end":{"line":44,"column":11}},"type":"if","locations":[{"start":{"line":42,"column":10},"end":{"line":44,"column":11}},{"start":{"line":42,"column":10},"end":{"line":44,"column":11}}]}},"s":{"0":1,"1":1,"2":1,"3":1,"4":1,"5":1,"6":1,"7":1,"8":1,"9":1,"10":1,"11":1,"12":1,"13":11,"14":11,"15":6,"16":6,"17":6,"18":6,"19":2,"20":2,"21":2,"22":0,"23":2,"24":6,"25":1,"26":1,"27":6,"28":6,"29":6,"30":6,"31":6,"32":6,"33":6,"34":1},"f":{"0":1,"1":6,"2":2,"3":2,"4":2,"5":1,"6":1},"b":{"0":[5,1],"1":[5,1],"2":[0,2]}}
}
