{"/Users/orie/TransmuteIndustries/typescript-truffle-lib/src/environment.ts": {"path":"/Users/orie/TransmuteIndustries/typescript-truffle-lib/src/environment.ts","statementMap":{"0":{"start":{"line":2,"column":13},"end":{"line":2,"column":22}},"1":{"start":{"line":5,"column":13},"end":{"line":5,"column":23}}},"fnMap":{"0":{"name":"(anonymous_0)","decl":{"start":{"line":2,"column":13},"end":{"line":2,"column":21}},"loc":{"start":{"line":2,"column":13},"end":{"line":2,"column":22}}},"1":{"name":"(anonymous_1)","decl":{"start":{"line":5,"column":13},"end":{"line":5,"column":22}},"loc":{"start":{"line":5,"column":13},"end":{"line":5,"column":23}}}},"branchMap":{},"s":{"0":3,"1":1},"f":{"0":2,"1":0},"b":{}}
,"/Users/orie/TransmuteIndustries/typescript-truffle-lib/src/Greeter/Greeter.ts": {"path":"/Users/orie/TransmuteIndustries/typescript-truffle-lib/src/Greeter/Greeter.ts","statementMap":{"0":{"start":{"line":3,"column":0},"end":{"line":null,"column":-1}},"1":{"start":{"line":4,"column":22},"end":{"line":null,"column":-1}},"2":{"start":{"line":5,"column":2},"end":{"line":7,"column":3}},"3":{"start":{"line":6,"column":4},"end":{"line":6,"column":37}},"4":{"start":{"line":9,"column":2},"end":{"line":15,"column":3}},"5":{"start":{"line":10,"column":4},"end":{"line":12,"column":5}},"6":{"start":{"line":11,"column":6},"end":{"line":11,"column":19}},"7":{"start":{"line":14,"column":4},"end":{"line":14,"column":16}},"8":{"start":{"line":16,"column":0},"end":{"line":null,"column":-1}}},"fnMap":{"0":{"name":"(anonymous_0)","decl":{"start":{"line":3,"column":0},"end":{"line":null,"column":-1}},"loc":{"start":{"line":3,"column":0},"end":{"line":null,"column":-1}}},"1":{"name":"Greeter","decl":{"start":{"line":4,"column":2},"end":{"line":4,"column":21}},"loc":{"start":{"line":4,"column":22},"end":{"line":4,"column":42}}},"2":{"name":"(anonymous_2)","decl":{"start":{"line":5,"column":2},"end":{"line":null,"column":-1}},"loc":{"start":{"line":5,"column":2},"end":{"line":7,"column":3}}},"3":{"name":"(anonymous_3)","decl":{"start":{"line":9,"column":2},"end":{"line":null,"column":-1}},"loc":{"start":{"line":9,"column":2},"end":{"line":15,"column":3}}}},"branchMap":{"0":{"loc":{"start":{"line":10,"column":4},"end":{"line":12,"column":5}},"type":"if","locations":[{"start":{"line":10,"column":4},"end":{"line":12,"column":5}},{"start":{"line":10,"column":4},"end":{"line":12,"column":5}}]}},"s":{"0":1,"1":3,"2":1,"3":3,"4":1,"5":2,"6":1,"7":2,"8":1},"f":{"0":1,"1":3,"2":3,"3":2},"b":{"0":[1,1]}}
}
