TN:
SF:/Users/orie/TransmuteIndustries/typescript-truffle-lib/src/MetaCoinAPI/MetaCoinAPI.ts
FN:19,(anonymous_0)
FN:23,MetaCoinAPI
FN:39,(anonymous_2)
FN:40,(anonymous_3)
FN:41,(anonymous_4)
FN:50,(anonymous_5)
FN:52,(anonymous_6)
FNF:7
FNH:7
FNDA:1,(anonymous_0)
FNDA:6,MetaCoinAPI
FNDA:2,(anonymous_2)
FNDA:2,(anonymous_3)
FNDA:2,(anonymous_4)
FNDA:1,(anonymous_5)
FNDA:1,(anonymous_6)
DA:3,1
DA:4,1
DA:6,1
DA:7,1
DA:8,1
DA:10,1
DA:12,1
DA:13,1
DA:14,1
DA:15,1
DA:16,1
DA:17,1
DA:19,1
DA:23,6
DA:24,11
DA:25,11
DA:27,6
DA:28,6
DA:29,6
DA:33,6
DA:34,6
DA:35,6
DA:36,6
DA:39,6
DA:40,2
DA:41,2
DA:42,2
DA:43,0
DA:45,2
DA:50,6
DA:51,1
DA:53,1
DA:57,1
LF:33
LH:32
BRDA:24,0,0,5
BRDA:24,0,1,1
BRDA:25,1,0,5
BRDA:25,1,1,1
BRDA:42,2,0,0
BRDA:42,2,1,2
BRF:6
BRH:5
end_of_record
