TN:
SF:/Users/orie/TransmuteIndustries/typescript-truffle-lib/src/environment.ts
FN:2,(anonymous_0)
FN:5,(anonymous_1)
FNF:2
FNH:1
FNDA:2,(anonymous_0)
FNDA:0,(anonymous_1)
DA:2,3
DA:5,1
LF:2
LH:2
BRF:0
BRH:0
end_of_record
TN:
SF:/Users/orie/TransmuteIndustries/typescript-truffle-lib/src/Greeter/Greeter.ts
FN:3,(anonymous_0)
FN:4,Greeter
FN:5,(anonymous_2)
FN:9,(anonymous_3)
FNF:4
FNH:4
FNDA:1,(anonymous_0)
FNDA:3,Greeter
FNDA:3,(anonymous_2)
FNDA:2,(anonymous_3)
DA:3,1
DA:4,3
DA:5,1
DA:6,3
DA:9,1
DA:10,2
DA:11,1
DA:14,2
DA:16,1
LF:9
LH:9
BRDA:10,0,0,1
BRDA:10,0,1,1
BRF:2
BRH:2
end_of_record
